[0m[[0m[0mdebug[0m] [0m[0m> Exec(__runWatch console0, Some(b95d7b24-ed74-43bf-8403-663167305e44), Some(CommandSource(console0)))[0m
[0m[[0m[0mdebug[0m] [0m[0m> Exec(sbtStashOnFailure, None, Some(CommandSource(console0)))[0m
[0m[[0m[0mdebug[0m] [0m[0m> Exec(__preWatch console0, None, Some(CommandSource(console0)))[0m
[0m[[0m[0mdebug[0m] [0m[0m> Exec(compile, None, Some(CommandSource(console0)))[0m
[0m[[0m[0mdebug[0m] [0m[0mEvaluating tasks: Compile / compile[0m
[0m[[0m[0mdebug[0m] [0m[0mRunning task... Cancel: Signal, check cycles: false, forcegc: true[0m
[0m[[0m[0mdebug[0m] [0m[0mjsonRpcNotify: JsonRpcNotificationMessage(2.0, build/taskStart, {"taskId":{"id":"25","parents":[]},"eventTime":1647552592746,"message":"Compiling testscala","dataKind":"compile-task","data":{"target":{"uri":"file:/C:/Users/thomas/Desktop/testscala/#testscala/Compile"}}})[0m
[0m[[0m[0minfo[0m] [0m[0mcompiling 1 Scala source to C:\Users\thomas\Desktop\testscala\target\scala-2.12\classes ...[0m
[0m[[0m[0mdebug[0m] [0m[0mjsonRpcNotify: JsonRpcNotificationMessage(2.0, build/logMessage, {"type":3,"message":"compiling 1 Scala source to C:\\Users\\thomas\\Desktop\\testscala\\target\\scala-2.12\\classes ..."})[0m
[0m[[0m[0mdebug[0m] [0m[0mjsonRpcNotify: JsonRpcNotificationMessage(2.0, build/publishDiagnostics, {"textDocument":{"uri":"file:///C:/Users/thomas/Desktop/testscala/src/main/scala/tutorial/webapp/TutorialApp.scala"},"buildTarget":{"uri":"file:/C:/Users/thomas/Desktop/testscala/#testscala/Compile"},"diagnostics":[{"range":{"start":{"line":2,"character":7},"end":{"line":2,"character":8}},"severity":1,"source":"sbt","message":"not found: object scalafx"}],"reset":false})[0m
[0m[[0m[31merror[0m] [0m[0mC:\Users\thomas\Desktop\testscala\src\main\scala\tutorial\webapp\TutorialApp.scala:3:8: not found: object scalafx[0m
[0m[[0m[31merror[0m] [0m[0mimport scalafx.application.JFXApp3[0m
[0m[[0m[31merror[0m] [0m[0m       ^[0m
[0m[[0m[0mdebug[0m] [0m[0mjsonRpcNotify: JsonRpcNotificationMessage(2.0, build/logMessage, {"type":1,"message":"C:\\Users\\thomas\\Desktop\\testscala\\src\\main\\scala\\tutorial\\webapp\\TutorialApp.scala:3:8: not found: object scalafx"})[0m
[0m[[0m[0mdebug[0m] [0m[0mjsonRpcNotify: JsonRpcNotificationMessage(2.0, build/logMessage, {"type":1,"message":"import scalafx.application.JFXApp3"})[0m
[0m[[0m[0mdebug[0m] [0m[0mjsonRpcNotify: JsonRpcNotificationMessage(2.0, build/logMessage, {"type":1,"message":"       ^"})[0m
[0m[[0m[0mdebug[0m] [0m[0mjsonRpcNotify: JsonRpcNotificationMessage(2.0, build/publishDiagnostics, {"textDocument":{"uri":"file:///C:/Users/thomas/Desktop/testscala/src/main/scala/tutorial/webapp/TutorialApp.scala"},"buildTarget":{"uri":"file:/C:/Users/thomas/Desktop/testscala/#testscala/Compile"},"diagnostics":[{"range":{"start":{"line":3,"character":7},"end":{"line":3,"character":8}},"severity":1,"source":"sbt","message":"not found: object scalafx"}],"reset":false})[0m
[0m[[0m[31merror[0m] [0m[0mC:\Users\thomas\Desktop\testscala\src\main\scala\tutorial\webapp\TutorialApp.scala:4:8: not found: object scalafx[0m
[0m[[0m[31merror[0m] [0m[0mimport scalafx.geometry.Insets[0m
[0m[[0m[31merror[0m] [0m[0m       ^[0m
[0m[[0m[0mdebug[0m] [0m[0mjsonRpcNotify: JsonRpcNotificationMessage(2.0, build/logMessage, {"type":1,"message":"C:\\Users\\thomas\\Desktop\\testscala\\src\\main\\scala\\tutorial\\webapp\\TutorialApp.scala:4:8: not found: object scalafx"})[0m
[0m[[0m[0mdebug[0m] [0m[0mjsonRpcNotify: JsonRpcNotificationMessage(2.0, build/logMessage, {"type":1,"message":"import scalafx.geometry.Insets"})[0m
[0m[[0m[0mdebug[0m] [0m[0mjsonRpcNotify: JsonRpcNotificationMessage(2.0, build/logMessage, {"type":1,"message":"       ^"})[0m
[0m[[0m[0mdebug[0m] [0m[0mjsonRpcNotify: JsonRpcNotificationMessage(2.0, build/publishDiagnostics, {"textDocument":{"uri":"file:///C:/Users/thomas/Desktop/testscala/src/main/scala/tutorial/webapp/TutorialApp.scala"},"buildTarget":{"uri":"file:/C:/Users/thomas/Desktop/testscala/#testscala/Compile"},"diagnostics":[{"range":{"start":{"line":4,"character":7},"end":{"line":4,"character":8}},"severity":1,"source":"sbt","message":"not found: object scalafx"}],"reset":false})[0m
[0m[[0m[31merror[0m] [0m[0mC:\Users\thomas\Desktop\testscala\src\main\scala\tutorial\webapp\TutorialApp.scala:5:8: not found: object scalafx[0m
[0m[[0m[31merror[0m] [0m[0mimport scalafx.scene.Scene[0m
[0m[[0m[31merror[0m] [0m[0m       ^[0m
[0m[[0m[0mdebug[0m] [0m[0mjsonRpcNotify: JsonRpcNotificationMessage(2.0, build/logMessage, {"type":1,"message":"C:\\Users\\thomas\\Desktop\\testscala\\src\\main\\scala\\tutorial\\webapp\\TutorialApp.scala:5:8: not found: object scalafx"})[0m
[0m[[0m[0mdebug[0m] [0m[0mjsonRpcNotify: JsonRpcNotificationMessage(2.0, build/logMessage, {"type":1,"message":"import scalafx.scene.Scene"})[0m
[0m[[0m[0mdebug[0m] [0m[0mjsonRpcNotify: JsonRpcNotificationMessage(2.0, build/logMessage, {"type":1,"message":"       ^"})[0m
[0m[[0m[0mdebug[0m] [0m[0mjsonRpcNotify: JsonRpcNotificationMessage(2.0, build/publishDiagnostics, {"textDocument":{"uri":"file:///C:/Users/thomas/Desktop/testscala/src/main/scala/tutorial/webapp/TutorialApp.scala"},"buildTarget":{"uri":"file:/C:/Users/thomas/Desktop/testscala/#testscala/Compile"},"diagnostics":[{"range":{"start":{"line":5,"character":7},"end":{"line":5,"character":8}},"severity":1,"source":"sbt","message":"not found: object scalafx"}],"reset":false})[0m
[0m[[0m[31merror[0m] [0m[0mC:\Users\thomas\Desktop\testscala\src\main\scala\tutorial\webapp\TutorialApp.scala:6:8: not found: object scalafx[0m
[0m[[0m[31merror[0m] [0m[0mimport scalafx.scene.effect.DropShadow[0m
[0m[[0m[31merror[0m] [0m[0m       ^[0m
[0m[[0m[0mdebug[0m] [0m[0mjsonRpcNotify: JsonRpcNotificationMessage(2.0, build/logMessage, {"type":1,"message":"C:\\Users\\thomas\\Desktop\\testscala\\src\\main\\scala\\tutorial\\webapp\\TutorialApp.scala:6:8: not found: object scalafx"})[0m
[0m[[0m[0mdebug[0m] [0m[0mjsonRpcNotify: JsonRpcNotificationMessage(2.0, build/logMessage, {"type":1,"message":"import scalafx.scene.effect.DropShadow"})[0m
[0m[[0m[0mdebug[0m] [0m[0mjsonRpcNotify: JsonRpcNotificationMessage(2.0, build/logMessage, {"type":1,"message":"       ^"})[0m
[0m[[0m[0mdebug[0m] [0m[0mjsonRpcNotify: JsonRpcNotificationMessage(2.0, build/publishDiagnostics, {"textDocument":{"uri":"file:///C:/Users/thomas/Desktop/testscala/src/main/scala/tutorial/webapp/TutorialApp.scala"},"buildTarget":{"uri":"file:/C:/Users/thomas/Desktop/testscala/#testscala/Compile"},"diagnostics":[{"range":{"start":{"line":6,"character":7},"end":{"line":6,"character":8}},"severity":1,"source":"sbt","message":"not found: object scalafx"}],"reset":false})[0m
[0m[[0m[31merror[0m] [0m[0mC:\Users\thomas\Desktop\testscala\src\main\scala\tutorial\webapp\TutorialApp.scala:7:8: not found: object scalafx[0m
[0m[[0m[31merror[0m] [0m[0mimport scalafx.scene.layout.HBox[0m
[0m[[0m[31merror[0m] [0m[0m       ^[0m
[0m[[0m[0mdebug[0m] [0m[0mjsonRpcNotify: JsonRpcNotificationMessage(2.0, build/logMessage, {"type":1,"message":"C:\\Users\\thomas\\Desktop\\testscala\\src\\main\\scala\\tutorial\\webapp\\TutorialApp.scala:7:8: not found: object scalafx"})[0m
[0m[[0m[0mdebug[0m] [0m[0mjsonRpcNotify: JsonRpcNotificationMessage(2.0, build/logMessage, {"type":1,"message":"import scalafx.scene.layout.HBox"})[0m
[0m[[0m[0mdebug[0m] [0m[0mjsonRpcNotify: JsonRpcNotificationMessage(2.0, build/logMessage, {"type":1,"message":"       ^"})[0m
[0m[[0m[0mdebug[0m] [0m[0mjsonRpcNotify: JsonRpcNotificationMessage(2.0, build/publishDiagnostics, {"textDocument":{"uri":"file:///C:/Users/thomas/Desktop/testscala/src/main/scala/tutorial/webapp/TutorialApp.scala"},"buildTarget":{"uri":"file:/C:/Users/thomas/Desktop/testscala/#testscala/Compile"},"diagnostics":[{"range":{"start":{"line":7,"character":7},"end":{"line":7,"character":8}},"severity":1,"source":"sbt","message":"not found: object scalafx"}],"reset":false})[0m
[0m[[0m[31merror[0m] [0m[0mC:\Users\thomas\Desktop\testscala\src\main\scala\tutorial\webapp\TutorialApp.scala:8:8: not found: object scalafx[0m
[0m[[0m[31merror[0m] [0m[0mimport scalafx.scene.paint.Color._[0m
[0m[[0m[31merror[0m] [0m[0m       ^[0m
[0m[[0m[0mdebug[0m] [0m[0mjsonRpcNotify: JsonRpcNotificationMessage(2.0, build/logMessage, {"type":1,"message":"C:\\Users\\thomas\\Desktop\\testscala\\src\\main\\scala\\tutorial\\webapp\\TutorialApp.scala:8:8: not found: object scalafx"})[0m
[0m[[0m[0mdebug[0m] [0m[0mjsonRpcNotify: JsonRpcNotificationMessage(2.0, build/logMessage, {"type":1,"message":"import scalafx.scene.paint.Color._"})[0m
[0m[[0m[0mdebug[0m] [0m[0mjsonRpcNotify: JsonRpcNotificationMessage(2.0, build/logMessage, {"type":1,"message":"       ^"})[0m
[0m[[0m[0mdebug[0m] [0m[0mjsonRpcNotify: JsonRpcNotificationMessage(2.0, build/publishDiagnostics, {"textDocument":{"uri":"file:///C:/Users/thomas/Desktop/testscala/src/main/scala/tutorial/webapp/TutorialApp.scala"},"buildTarget":{"uri":"file:/C:/Users/thomas/Desktop/testscala/#testscala/Compile"},"diagnostics":[{"range":{"start":{"line":8,"character":7},"end":{"line":8,"character":8}},"severity":1,"source":"sbt","message":"not found: object scalafx"}],"reset":false})[0m
[0m[[0m[31merror[0m] [0m[0mC:\Users\thomas\Desktop\testscala\src\main\scala\tutorial\webapp\TutorialApp.scala:9:8: not found: object scalafx[0m
[0m[[0m[31merror[0m] [0m[0mimport scalafx.scene.paint._[0m
[0m[[0m[31merror[0m] [0m[0m       ^[0m
[0m[[0m[0mdebug[0m] [0m[0mjsonRpcNotify: JsonRpcNotificationMessage(2.0, build/logMessage, {"type":1,"message":"C:\\Users\\thomas\\Desktop\\testscala\\src\\main\\scala\\tutorial\\webapp\\TutorialApp.scala:9:8: not found: object scalafx"})[0m
[0m[[0m[0mdebug[0m] [0m[0mjsonRpcNotify: JsonRpcNotificationMessage(2.0, build/logMessage, {"type":1,"message":"import scalafx.scene.paint._"})[0m
[0m[[0m[0mdebug[0m] [0m[0mjsonRpcNotify: JsonRpcNotificationMessage(2.0, build/logMessage, {"type":1,"message":"       ^"})[0m
[0m[[0m[0mdebug[0m] [0m[0mjsonRpcNotify: JsonRpcNotificationMessage(2.0, build/publishDiagnostics, {"textDocument":{"uri":"file:///C:/Users/thomas/Desktop/testscala/src/main/scala/tutorial/webapp/TutorialApp.scala"},"buildTarget":{"uri":"file:/C:/Users/thomas/Desktop/testscala/#testscala/Compile"},"diagnostics":[{"range":{"start":{"line":9,"character":7},"end":{"line":9,"character":8}},"severity":1,"source":"sbt","message":"not found: object scalafx"}],"reset":false})[0m
[0m[[0m[31merror[0m] [0m[0mC:\Users\thomas\Desktop\testscala\src\main\scala\tutorial\webapp\TutorialApp.scala:10:8: not found: object scalafx[0m
[0m[[0m[31merror[0m] [0m[0mimport scalafx.scene.text.Text[0m
[0m[[0m[31merror[0m] [0m[0m       ^[0m
[0m[[0m[0mdebug[0m] [0m[0mjsonRpcNotify: JsonRpcNotificationMessage(2.0, build/logMessage, {"type":1,"message":"C:\\Users\\thomas\\Desktop\\testscala\\src\\main\\scala\\tutorial\\webapp\\TutorialApp.scala:10:8: not found: object scalafx"})[0m
[0m[[0m[0mdebug[0m] [0m[0mjsonRpcNotify: JsonRpcNotificationMessage(2.0, build/logMessage, {"type":1,"message":"import scalafx.scene.text.Text"})[0m
[0m[[0m[0mdebug[0m] [0m[0mjsonRpcNotify: JsonRpcNotificationMessage(2.0, build/logMessage, {"type":1,"message":"       ^"})[0m
[0m[[0m[0mdebug[0m] [0m[0mjsonRpcNotify: JsonRpcNotificationMessage(2.0, build/publishDiagnostics, {"textDocument":{"uri":"file:///C:/Users/thomas/Desktop/testscala/src/main/scala/tutorial/webapp/TutorialApp.scala"},"buildTarget":{"uri":"file:/C:/Users/thomas/Desktop/testscala/#testscala/Compile"},"diagnostics":[{"range":{"start":{"line":11,"character":27},"end":{"line":11,"character":28}},"severity":1,"source":"sbt","message":"not found: type JFXApp3"}],"reset":false})[0m
[0m[[0m[31merror[0m] [0m[0mC:\Users\thomas\Desktop\testscala\src\main\scala\tutorial\webapp\TutorialApp.scala:12:28: not found: type JFXApp3[0m
[0m[[0m[31merror[0m] [0m[0mobject TutorialApp extends JFXApp3 {[0m
[0m[[0m[31merror[0m] [0m[0m                           ^[0m
[0m[[0m[0mdebug[0m] [0m[0mjsonRpcNotify: JsonRpcNotificationMessage(2.0, build/logMessage, {"type":1,"message":"C:\\Users\\thomas\\Desktop\\testscala\\src\\main\\scala\\tutorial\\webapp\\TutorialApp.scala:12:28: not found: type JFXApp3"})[0m
[0m[[0m[0mdebug[0m] [0m[0mjsonRpcNotify: JsonRpcNotificationMessage(2.0, build/logMessage, {"type":1,"message":"object TutorialApp extends JFXApp3 {"})[0m
[0m[[0m[0mdebug[0m] [0m[0mjsonRpcNotify: JsonRpcNotificationMessage(2.0, build/logMessage, {"type":1,"message":"                           ^"})[0m
[0m[[0m[0mdebug[0m] [0m[0mjsonRpcNotify: JsonRpcNotificationMessage(2.0, build/publishDiagnostics, {"textDocument":{"uri":"file:///C:/Users/thomas/Desktop/testscala/src/main/scala/tutorial/webapp/TutorialApp.scala"},"buildTarget":{"uri":"file:/C:/Users/thomas/Desktop/testscala/#testscala/Compile"},"diagnostics":[{"range":{"start":{"line":13,"character":4},"end":{"line":13,"character":5}},"severity":1,"source":"sbt","message":"not found: value stage"}],"reset":false})[0m
[0m[[0m[31merror[0m] [0m[0mC:\Users\thomas\Desktop\testscala\src\main\scala\tutorial\webapp\TutorialApp.scala:14:5: not found: value stage[0m
[0m[[0m[31merror[0m] [0m[0m    stage = new JFXApp3.PrimaryStage {[0m
[0m[[0m[31merror[0m] [0m[0m    ^[0m
[0m[[0m[0mdebug[0m] [0m[0mjsonRpcNotify: JsonRpcNotificationMessage(2.0, build/logMessage, {"type":1,"message":"C:\\Users\\thomas\\Desktop\\testscala\\src\\main\\scala\\tutorial\\webapp\\TutorialApp.scala:14:5: not found: value stage"})[0m
[0m[[0m[0mdebug[0m] [0m[0mjsonRpcNotify: JsonRpcNotificationMessage(2.0, build/logMessage, {"type":1,"message":"    stage = new JFXApp3.PrimaryStage {"})[0m
[0m[[0m[0mdebug[0m] [0m[0mjsonRpcNotify: JsonRpcNotificationMessage(2.0, build/logMessage, {"type":1,"message":"    ^"})[0m
[0m[[0m[0mdebug[0m] [0m[0mjsonRpcNotify: JsonRpcNotificationMessage(2.0, build/taskProgress, {"taskId":{"id":"25","parents":[]},"eventTime":1647552592797,"message":"Compiling testscala (15%)","total":26,"progress":15,"dataKind":"compile-progress","data":{"target":{"uri":"file:/C:/Users/thomas/Desktop/testscala/#testscala/Compile"}}})[0m
[0m[[0m[0mdebug[0m] [0m[0mjsonRpcNotify: JsonRpcNotificationMessage(2.0, build/taskProgress, {"taskId":{"id":"25","parents":[]},"eventTime":1647552592797,"message":"Compiling testscala (15%)","total":26,"progress":15,"dataKind":"compile-progress","data":{"target":{"uri":"file:/C:/Users/thomas/Desktop/testscala/#testscala/Compile"}}})[0m
[0m[[0m[31merror[0m] [0m[0m10 errors found[0m
[0m[[0m[0mdebug[0m] [0m[0mjsonRpcNotify: JsonRpcNotificationMessage(2.0, build/logMessage, {"type":1,"message":"10 errors found"})[0m
[0m[[0m[0mdebug[0m] [0m[0mjsonRpcNotify: JsonRpcNotificationMessage(2.0, build/publishDiagnostics, {"textDocument":{"uri":"file:///C:/Users/thomas/Desktop/testscala/src/main/scala/tutorial/webapp/TutorialApp.scala"},"buildTarget":{"uri":"file:/C:/Users/thomas/Desktop/testscala/#testscala/Compile"},"diagnostics":[{"range":{"start":{"line":2,"character":7},"end":{"line":2,"character":8}},"severity":1,"source":"sbt","message":"not found: object scalafx"},{"range":{"start":{"line":3,"character":7},"end":{"line":3,"character":8}},"severity":1,"source":"sbt","message":"not found: object scalafx"},{"range":{"start":{"line":4,"character":7},"end":{"line":4,"character":8}},"severity":1,"source":"sbt","message":"not found: object scalafx"},{"range":{"start":{"line":5,"character":7},"end":{"line":5,"character":8}},"severity":1,"source":"sbt","message":"not found: object scalafx"},{"range":{"start":{"line":6,"character":7},"end":{"line":6,"character":8}},"severity":1,"source":"sbt","message":"not found: object scalafx"},{"range":{"start":{"line":7,"character":7},"end":{"line":7,"character":8}},"severity":1,"source":"sbt","message":"not found: object scalafx"},{"range":{"start":{"line":8,"character":7},"end":{"line":8,"character":8}},"severity":1,"source":"sbt","message":"not found: object scalafx"},{"range":{"start":{"line":9,"character":7},"end":{"line":9,"character":8}},"severity":1,"source":"sbt","message":"not found: object scalafx"},{"range":{"start":{"line":11,"character":27},"end":{"line":11,"character":28}},"severity":1,"source":"sbt","message":"not found: type JFXApp3"},{"range":{"start":{"line":13,"character":4},"end":{"line":13,"character":5}},"severity":1,"source":"sbt","message":"not found: value stage"}],"reset":true})[0m
[0m[[0m[0mdebug[0m] [0m[0mjsonRpcNotify: JsonRpcNotificationMessage(2.0, build/taskFinish, {"taskId":{"id":"25","parents":[]},"eventTime":1647552592800,"message":"Compiled testscala","status":2,"dataKind":"compile-report","data":{"target":{"uri":"file:/C:/Users/thomas/Desktop/testscala/#testscala/Compile"},"errors":10,"warnings":0,"time":54}})[0m
[0m[[0m[31merror[0m] [0m[0m(Compile / [31mcompileIncremental[0m) Compilation failed[0m
[0m[[0m[0mdebug[0m] [0m[0mjsonRpcNotify: JsonRpcNotificationMessage(2.0, build/logMessage, {"type":1,"message":"(Compile / \u001b[31mcompileIncremental\u001b[0m) Compilation failed"})[0m
[0m[[0m[31merror[0m] [0m[0mTotal time: 0 s, completed 17 mars 2022, 22:29:52[0m
[0m[[0m[0mdebug[0m] [0m[0m> Exec(resumeFromFailure, None, Some(CommandSource(console0)))[0m
[0m[[0m[0mdebug[0m] [0m[0m> Exec(sbtPopOnFailure, None, Some(CommandSource(console0)))[0m
[0m[[0m[0mdebug[0m] [0m[0m> Exec(__postWatch console0, None, Some(CommandSource(console0)))[0m
[0m[[0m[0mdebug[0m] [0m[0m> Exec(resumeFromFailure, None, None)[0m
[0m[[0m[0mdebug[0m] [0m[0m> Exec(__waitWatch console0, None, None)[0m
